--------------------------------------------
Starting spectral analysis
--------------------------------------------
Processing ObsID : 0862471101
--------------------------------------------
Saving Primary Science product in a BACKUP Directory
Copying contents from 0862471101 to BACKUP_MAIN...
Copy completed.
/user/home/dehiwald/workdir/galactic_center/analysis/0862471101/
/user/home/dehiwald/workdir/galactic_center/analysis/0862471101/
7.0 4.0
266.99017903689804 -28.41778045466112
11.0 4.0
266.9705297709257 -28.44628545497482
6.5 5.0
266.9845319630021 -28.409897806040398
11.5 5.0
266.9599686443369 -28.445527606499436
6.0 6.0
266.9788857281812 -28.40201492262263
9.5 6.0
266.9616930897931 -28.426955531360793
13.0 6.0
266.9444923336913 -28.45189399964446
15.0 6.0
266.93465968449755 -28.466143585696322
6.0 7.0
266.9707847301752 -28.397694777798577
9.0 7.0
266.95604763944397 -28.419071702886303
12.5 7.0
266.9388468304114 -28.44400946260313
15.0 7.0
266.92655556772746 -28.4618208300214
7.0 8.0
266.957772342116 -28.400499677797203
12.0 8.0
266.93320216713164 -28.436124690379224
6.0 9.0
266.9545847076399 -28.389053046628163
9.5 9.0
266.93738843064773 -28.413990608341983
12.5 9.0
266.922642306625 -28.43536395800549
8.5 10.0
266.93420259133933 -28.402543496644814
14.0 10.0
266.90716521837106 -28.441726130544637
7.0 11.0
266.9334742318729 -28.387534049648472
14.0 11.0
266.89906408878176 -28.43740174059487
8.0 12.0
266.92046208578125 -28.390335403870452
11.5 12.0
266.9032575444645 -28.41526869336255
15.0 12.0
266.88604489124407 -28.4401998325955
9.5 13.0
266.90499144800697 -28.39669732000275
12.0 13.0
266.89269997243804 -28.414505648060647
10.5 8.5
266.9365242561335 -28.42327649965083
Files with extension  copied successfully.
Files with extension  copied successfully.
/user/home/dehiwald/workdir/galactic_center/analysis/0862471101/
233
['DETX:', 'DETY:', '-2492.8321', '-2027.9978']
['DETX:', 'DETY:', '-1325.6982', '69.091039']
['DETX:', 'DETY:', '-2114.4526', '-2581.9178']
['DETX:', 'DETY:', '-655.53482', '39.443565']
['DETX:', 'DETY:', '-1736.0729', '-3135.838']
['DETX:', 'DETY:', '-714.83031', '-1300.8849']
['DETX:', 'DETY:', '306.41245', '534.06854']
['DETX:', 'DETY:', '889.97985', '1582.6136']
['DETX:', 'DETY:', '-1211.8013', '-3427.6222']
['DETX:', 'DETY:', '-336.45033', '-1854.8051']
['DETX:', 'DETY:', '684.79263', '-19.851412']
['DETX:', 'DETY:', '1414.252', '1290.83']
['DETX:', 'DETY:', '-395.7458', '-3195.1341']
['DETX:', 'DETY:', '1063.1729', '-573.77153']
['DETX:', 'DETY:', '-163.25755', '-4011.1909']
['DETX:', 'DETY:', '857.98565', '-2176.237']
['DETX:', 'DETY:', '1733.3371', '-603.41913']
['DETX:', 'DETY:', '1090.4741', '-2992.2939']
['DETX:', 'DETY:', '2695.2855', '-108.79396']
['DETX:', 'DETY:', '1177.0707', '-4070.4873']
['DETX:', 'DETY:', '3219.5583', '-400.57793']
['DETX:', 'DETY:', '1993.1271', '-3837.9991']
['DETX:', 'DETY:', '3014.3711', '-2003.0443']
['DETX:', 'DETY:', '4035.6153', '-168.08904']
['DETX:', 'DETY:', '2955.0759', '-3343.3745']
['DETX:', 'DETY:', '3684.5361', '-2032.6922']
233
['DETX:', 'DETY:', '2090.5216', '-2815.6768']
['DETX:', 'DETY:', '-2.1609856', '-1640.6625']
['DETX:', 'DETY:', '2645.8611', '-2439.3839']
['DETX:', 'DETY:', '30.007442', '-970.61552']
['DETX:', 'DETY:', '3201.2008', '-2063.0909']
['DETX:', 'DETY:', '1370.1032', '-1034.9529']
['DETX:', 'DETY:', '-460.99516', '-6.8143908']
['DETX:', 'DETY:', '-1507.3374', '580.69351']
['DETX:', 'DETY:', '3494.9552', '-1539.9209']
['DETX:', 'DETY:', '1925.4429', '-658.65948']
['DETX:', 'DETY:', '94.344339', '369.47924']
['DETX:', 'DETY:', '-1213.5837', '1103.8643']
['DETX:', 'DETY:', '3265.539', '-722.99682']
['DETX:', 'DETY:', '649.68401', '745.77299']
['DETX:', 'DETY:', '4082.4645', '-493.58026']
['DETX:', 'DETY:', '2251.3662', '534.55868']
['DETX:', 'DETY:', '681.85261', '1415.821']
['DETX:', 'DETY:', '3068.2918', '763.97547']
['DETX:', 'DETY:', '190.84979', '2379.6236']
['DETX:', 'DETY:', '4146.8032', '846.51525']
['DETX:', 'DETY:', '484.60408', '2902.7951']
['DETX:', 'DETY:', '3917.387', '1663.4406']
['DETX:', 'DETY:', '2086.2873', '2691.5807']
['DETX:', 'DETY:', '255.18683', '3719.7213']
['DETX:', 'DETY:', '3426.385', '2627.2435']
['DETX:', 'DETY:', '2118.4562', '3361.6296']
233
['DETX:', 'DETY:', '2655.9381', '1859.8818']
['DETX:', 'DETY:', '1470.2591', '-226.77737']
['DETX:', 'DETY:', '2282.4843', '2417.1346']
['DETX:', 'DETY:', '800.38509', '-191.18987']
['DETX:', 'DETY:', '1909.0302', '2974.3876']
['DETX:', 'DETY:', '871.56062', '1148.5603']
['DETX:', 'DETY:', '-165.90926', '-677.26748']
['DETX:', 'DETY:', '-758.74932', '-1720.5978']
['DETX:', 'DETY:', '1387.3661', '3270.8084']
['DETX:', 'DETY:', '498.10619', '1705.8132']
['DETX:', 'DETY:', '-539.36395', '-120.01482']
['DETX:', 'DETY:', '-1280.4142', '-1424.178']
['DETX:', 'DETY:', '569.2817', '3045.5642']
['DETX:', 'DETY:', '-912.8188', '437.23807']
['DETX:', 'DETY:', '344.03713', '3863.6503']
['DETX:', 'DETY:', '-693.43338', '2037.8219']
['DETX:', 'DETY:', '-1582.694', '472.82576']
['DETX:', 'DETY:', '-918.67825', '2855.9081']
['DETX:', 'DETY:', '-2548.9899', '-13.252116']
['DETX:', 'DETY:', '-995.71306', '3934.8274']
['DETX:', 'DETY:', '-3070.6557', '283.16835']
['DETX:', 'DETY:', '-1813.7988', '3709.5831']
['DETX:', 'DETY:', '-2851.2704', '1883.7533']
['DETX:', 'DETY:', '-3888.7422', '57.923106']
['DETX:', 'DETY:', '-2780.0953', '3223.5059']
['DETX:', 'DETY:', '-3521.1467', '1919.3414']
2090.522
-2.161
2645.861
30.007
3201.201
1370.103
-460.995
-1507.337
3494.955
1925.443
94.344
-1213.584
3265.539
649.684
4082.464
2251.366
681.853
3068.292
190.85
4146.803
484.604
3917.387
2086.287
255.187
3426.385
2118.456
/user/home/dehiwald/workdir/galactic_center/analysis/0862471101/
['box(887.63333,-1506.0724,5980,5980,58.72)']
[('ROTBOX', [887.6333,   0.    ,   0.    ,   0.    ], [-1506.0724,     0.    ,     0.    ,     0.    ], [5980., 5980.,    0.,    0.], [58.72,  0.  ,  0.  ,  0.  ], 1)]
['box(1581.3178,566.72733,5980,5980,148.72)']
[('ROTBOX', [1581.3177,    0.    ,    0.    ,    0.    ], [566.72736,   0.     ,   0.     ,   0.     ], [5980., 5980.,    0.,    0.], [148.72,   0.  ,   0.  ,   0.  ], 1)]
['box(-729.02105,1367.9463,5980,5980,58.72)']
[('ROTBOX', [-729.02106,    0.     ,    0.     ,    0.     ], [1367.9463,    0.    ,    0.    ,    0.    ], [5980., 5980.,    0.,    0.], [58.72,  0.  ,  0.  ,  0.  ], 1)]
['box(27755.767,28984.872,6015.0,6015.0,301.28)']
[('ROTBOX', [27755.768,     0.   ,     0.   ,     0.   ], [28984.871,     0.   ,     0.   ,     0.   ], [6015., 6015.,    0.,    0.], [301.28,   0.  ,   0.  ,   0.  ], 1)]
['box(27755.767,28984.872,6015.0,6015.0,301.28)']
[('ROTBOX', [27755.768,     0.   ,     0.   ,     0.   ], [28984.871,     0.   ,     0.   ,     0.   ], [6015., 6015.,    0.,    0.], [301.28,   0.  ,   0.  ,   0.  ], 1)]
['box(27755.767,28984.872,6015.0,6015.0,301.28)']
[('ROTBOX', [27755.768,     0.   ,     0.   ,     0.   ], [28984.871,     0.   ,     0.   ,     0.   ], [6015., 6015.,    0.,    0.], [301.28,   0.  ,   0.  ,   0.  ], 1)]
--------------------------------------------
Current path: /user/home/dehiwald/workdir/galactic_center/analysis/spectra_sub/0862471101
--------------------------------------------
--------------------------------------------
Starting spectral analysis
--------------------------------------------
Processing ObsID : 0862471101
--------------------------------------------
evselect:- Executing (routine): evselect table=pnS003-clean.fits:EVENTS filteredset=filtered.fits withfilteredset=yes keepfilteroutput=yes flagcolumn=EVFLAG flagbit=-1 destruct=yes dssblock='' expression='(PATTERN<=12)&&(FLAG == 0)&&(PI in [500:8000])&&(DETY in [-16510:14345])' filtertype=expression cleandss=no updateexposure=yes filterexposure=yes writedss=yes blockstocopy='' attributestocopy='' energycolumn=PHA zcolumn=WEIGHT zerrorcolumn=EWEIGHT withzerrorcolumn=no withzcolumn=no ignorelegallimits=yes imageset=pnS003-obj-im.fits xcolumn=X ycolumn=Y ximagebinsize=1 yimagebinsize=1 squarepixels=yes ximagesize=900 yimagesize=900 imagebinning=imageSize ximagemin=3401 ximagemax=48400 withxranges=yes yimagemin=3401 yimagemax=48400 withyranges=yes imagedatatype=Int32 withimagedatatype=yes raimagecenter=0 decimagecenter=0 withcelestialcenter=no withimageset=yes spectrumset=spectrum.fits spectralbinsize=5 specchannelmin=0 specchannelmax=11999 withspecranges=no nonStandardSpec=no withspectrumset=no rateset=rate.fits timecolumn=TIME timebinsize=1 timemin=0 timemax=1000 withtimeranges=no maketimecolumn=no makeratecolumn=no withrateset=no histogramset=histo.fits histogramcolumn=TIME histogrambinsize=1 histogrammin=0 histogrammax=1000 withhistoranges=no withhistogramset=no  -w 1 -V 1
